2022-03-04 19:42:32,943:INFO:PyCaret Supervised Module
2022-03-04 19:42:32,944:INFO:ML Usecase: classification
2022-03-04 19:42:32,944:INFO:version 2.3.6
2022-03-04 19:42:32,944:INFO:Initializing setup()
2022-03-04 19:42:32,944:INFO:setup(target=price, ml_usecase=classification, available_plots={'parameter': 'Hyperparameters', 'auc': 'AUC', 'confusion_matrix': 'Confusion Matrix', 'threshold': 'Threshold', 'pr': 'Precision Recall', 'error': 'Prediction Error', 'class_report': 'Class Report', 'rfe': 'Feature Selection', 'learning': 'Learning Curve', 'manifold': 'Manifold Learning', 'calibration': 'Calibration Curve', 'vc': 'Validation Curve', 'dimension': 'Dimensions', 'feature': 'Feature Importance', 'feature_all': 'Feature Importance (All)', 'boundary': 'Decision Boundary', 'lift': 'Lift Chart', 'gain': 'Gain Chart', 'tree': 'Decision Tree', 'ks': 'KS Statistic Plot'}, train_size=0.7, test_data=None, preprocess=True, imputation_type=simple, iterative_imputation_iters=5, categorical_features=None, categorical_imputation=constant, categorical_iterative_imputer=lightgbm, ordinal_features=None, high_cardinality_features=None, high_cardinality_method=frequency, numeric_features=None, numeric_imputation=mean, numeric_iterative_imputer=lightgbm, date_features=None, ignore_features=None, normalize=False, normalize_method=zscore, transformation=False, transformation_method=yeo-johnson, handle_unknown_categorical=True, unknown_categorical_method=least_frequent, pca=False, pca_method=linear, pca_components=None, ignore_low_variance=False, combine_rare_levels=False, rare_level_threshold=0.1, bin_numeric_features=None, remove_outliers=False, outliers_threshold=0.05, remove_multicollinearity=False, multicollinearity_threshold=0.9, remove_perfect_collinearity=True, create_clusters=False, cluster_iter=20, polynomial_features=False, polynomial_degree=2, trigonometry_features=False, polynomial_threshold=0.1, group_features=None, group_names=None, feature_selection=False, feature_selection_threshold=0.8, feature_selection_method=classic, feature_interaction=False, feature_ratio=False, interaction_threshold=0.01, fix_imbalance=False, fix_imbalance_method=None, transform_target=False, transform_target_method=box-cox, data_split_shuffle=True, data_split_stratify=False, fold_strategy=stratifiedkfold, fold=10, fold_shuffle=False, fold_groups=None, n_jobs=-1, use_gpu=False, custom_pipeline=None, html=True, session_id=None, log_experiment=False, experiment_name=None, log_plots=False, log_profile=False, log_data=False, silent=False, verbose=True, profile=False, profile_kwargs=None, display=None)
2022-03-04 19:42:32,957:INFO:Checking environment
2022-03-04 19:42:32,957:INFO:python_version: 3.8.12
2022-03-04 19:42:32,957:INFO:python_build: ('default', 'Oct 12 2021 03:01:40')
2022-03-04 19:42:32,957:INFO:machine: AMD64
2022-03-04 19:42:32,957:INFO:platform: Windows-10-10.0.22000-SP0
2022-03-04 19:42:32,959:WARNING:cannot find psutil installation. memory not traceable. Install psutil using pip to enable memory logging.
2022-03-04 19:42:32,959:INFO:Checking libraries
2022-03-04 19:42:32,959:INFO:pd==1.4.1
2022-03-04 19:42:32,959:INFO:numpy==1.19.5
2022-03-04 19:42:32,959:INFO:sklearn==0.23.2
2022-03-04 19:42:32,959:INFO:lightgbm==3.3.2
2022-03-04 19:42:32,961:WARNING:catboost not found
2022-03-04 19:42:32,962:WARNING:xgboost not found
2022-03-04 19:42:34,294:INFO:mlflow==1.24.0
2022-03-04 19:42:34,294:INFO:Checking Exceptions
2022-03-04 19:42:34,295:INFO:Declaring global variables
2022-03-04 19:42:34,295:INFO:USI: 919e
2022-03-04 19:42:34,295:INFO:pycaret_globals: {'_ml_usecase', 'USI', 'X', '_all_models', 'pycaret_globals', 'transform_target_method_param', 'html_param', 'logging_param', 'y_train', 'imputation_classifier', 'X_test', 'y', 'stratify_param', 'display_container', 'experiment__', 'transform_target_param', '_gpu_n_jobs_param', 'fold_shuffle_param', '_internal_pipeline', 'y_test', 'target_param', 'fold_groups_param_full', 'master_model_container', 'seed', 'X_train', 'log_plots_param', 'iterative_imputation_iters_param', 'fold_param', 'data_before_preprocess', 'fold_generator', 'exp_name_log', 'fold_groups_param', 'imputation_regressor', '_all_metrics', 'gpu_param', 'prep_pipe', 'n_jobs_param', 'fix_imbalance_method_param', 'create_model_container', '_all_models_internal', '_available_plots', 'fix_imbalance_param'}
2022-03-04 19:42:34,295:INFO:Preparing display monitor
2022-03-04 19:42:34,295:INFO:Preparing display monitor
2022-03-04 19:42:34,313:INFO:Importing libraries
2022-03-04 19:42:34,314:INFO:Copying data for preprocessing
2022-03-04 19:42:34,327:INFO:Declaring preprocessing parameters
2022-03-04 19:42:34,330:INFO:Creating preprocessing pipeline
2022-03-04 19:42:34,396:INFO:Preprocessing pipeline created successfully
2022-03-04 19:42:34,397:ERROR:(Process Exit): setup has been interupted with user command 'quit'. setup must rerun.
2022-03-04 19:42:34,397:INFO:Creating global containers
2022-03-04 19:42:34,405:INFO:Internal pipeline: Pipeline(memory=None, steps=[('empty_step', 'passthrough')], verbose=False)
2022-03-04 20:04:04,156:WARNING:Couldn't import xgboost.XGBClassifier
2022-03-04 20:04:04,158:WARNING:Couldn't import catboost.CatBoostClassifier
2022-03-04 20:04:04,231:WARNING:Couldn't import xgboost.XGBClassifier
2022-03-04 20:04:04,232:WARNING:Couldn't import catboost.CatBoostClassifier
2022-03-04 20:04:04,232:INFO:Creating grid variables
2022-03-04 20:04:04,248:INFO:create_model_container: 0
2022-03-04 20:04:04,248:INFO:master_model_container: 0
2022-03-04 20:04:04,248:INFO:display_container: 1
2022-03-04 20:04:04,252:INFO:Pipeline(memory=None,
         steps=[('dtypes',
                 DataTypes_Auto_infer(categorical_features=[],
                                      display_types=True, features_todrop=[],
                                      id_columns=[],
                                      ml_usecase='classification',
                                      numerical_features=[], target='price',
                                      time_features=[])),
                ('imputer',
                 Simple_Imputer(categorical_strategy='not_available',
                                fill_value_categorical=None,
                                fill_value_numerical=None,
                                numeric_strate...
                ('scaling', 'passthrough'), ('P_transform', 'passthrough'),
                ('binn', 'passthrough'), ('rem_outliers', 'passthrough'),
                ('cluster_all', 'passthrough'),
                ('dummy', Dummify(target='price')),
                ('fix_perfect', Remove_100(target='price')),
                ('clean_names', Clean_Colum_Names()),
                ('feature_select', 'passthrough'), ('fix_multi', 'passthrough'),
                ('dfs', 'passthrough'), ('pca', 'passthrough')],
         verbose=False)
2022-03-04 20:04:04,252:INFO:setup() succesfully completed......................................
2022-03-04 20:06:19,938:INFO:Initializing compare_models()
2022-03-04 20:06:19,938:INFO:compare_models(include=None, fold=None, round=4, cross_validation=True, sort=Accuracy, n_select=1, budget_time=None, turbo=True, errors=ignore, fit_kwargs=None, groups=None, probability_threshold=None, verbose=True, display=None, exclude=None)
2022-03-04 20:06:19,938:INFO:Checking exceptions
2022-03-04 20:06:19,940:INFO:Preparing display monitor
2022-03-04 20:06:19,940:INFO:Preparing display monitor
2022-03-04 20:06:19,990:INFO:Initializing Logistic Regression
2022-03-04 20:06:19,991:INFO:Total runtime is 2.8502941131591796e-05 minutes
2022-03-04 20:06:20,011:INFO:SubProcess create_model() called ==================================
2022-03-04 20:06:20,011:INFO:Initializing create_model()
2022-03-04 20:06:20,012:INFO:create_model(estimator=lr, fold=StratifiedKFold(n_splits=10, random_state=None, shuffle=False), round=4, cross_validation=True, predict=True, fit_kwargs={}, groups=None, refit=False, verbose=False, system=False, metrics=None, add_to_model_list=True, probability_threshold=None, display=<pycaret.internal.Display.Display object at 0x000001A63D680250>, kwargs={})
2022-03-04 20:06:20,012:INFO:Checking exceptions
2022-03-04 20:06:20,012:INFO:Importing libraries
2022-03-04 20:06:20,013:INFO:Copying training dataset
2022-03-04 20:06:20,016:INFO:Defining folds
2022-03-04 20:06:20,017:INFO:Declaring metric variables
2022-03-04 20:06:20,030:INFO:Importing untrained model
2022-03-04 20:06:20,042:INFO:Logistic Regression Imported succesfully
2022-03-04 20:06:20,060:INFO:Starting cross validation
2022-03-04 20:06:20,061:INFO:Cross validating with StratifiedKFold(n_splits=10, random_state=None, shuffle=False), n_jobs=-1
2022-03-04 20:33:10,689:INFO:PyCaret Supervised Module
2022-03-04 20:33:10,692:INFO:ML Usecase: classification
2022-03-04 20:33:10,694:INFO:version 2.3.6
2022-03-04 20:33:10,694:INFO:Initializing setup()
2022-03-04 20:33:10,694:INFO:setup(target=price, ml_usecase=classification, available_plots={'parameter': 'Hyperparameters', 'auc': 'AUC', 'confusion_matrix': 'Confusion Matrix', 'threshold': 'Threshold', 'pr': 'Precision Recall', 'error': 'Prediction Error', 'class_report': 'Class Report', 'rfe': 'Feature Selection', 'learning': 'Learning Curve', 'manifold': 'Manifold Learning', 'calibration': 'Calibration Curve', 'vc': 'Validation Curve', 'dimension': 'Dimensions', 'feature': 'Feature Importance', 'feature_all': 'Feature Importance (All)', 'boundary': 'Decision Boundary', 'lift': 'Lift Chart', 'gain': 'Gain Chart', 'tree': 'Decision Tree', 'ks': 'KS Statistic Plot'}, train_size=0.7, test_data=None, preprocess=True, imputation_type=simple, iterative_imputation_iters=5, categorical_features=None, categorical_imputation=constant, categorical_iterative_imputer=lightgbm, ordinal_features=None, high_cardinality_features=None, high_cardinality_method=frequency, numeric_features=None, numeric_imputation=mean, numeric_iterative_imputer=lightgbm, date_features=None, ignore_features=None, normalize=False, normalize_method=zscore, transformation=False, transformation_method=yeo-johnson, handle_unknown_categorical=True, unknown_categorical_method=least_frequent, pca=False, pca_method=linear, pca_components=None, ignore_low_variance=False, combine_rare_levels=False, rare_level_threshold=0.1, bin_numeric_features=None, remove_outliers=False, outliers_threshold=0.05, remove_multicollinearity=False, multicollinearity_threshold=0.9, remove_perfect_collinearity=True, create_clusters=False, cluster_iter=20, polynomial_features=False, polynomial_degree=2, trigonometry_features=False, polynomial_threshold=0.1, group_features=None, group_names=None, feature_selection=False, feature_selection_threshold=0.8, feature_selection_method=classic, feature_interaction=False, feature_ratio=False, interaction_threshold=0.01, fix_imbalance=False, fix_imbalance_method=None, transform_target=False, transform_target_method=box-cox, data_split_shuffle=True, data_split_stratify=False, fold_strategy=stratifiedkfold, fold=10, fold_shuffle=False, fold_groups=None, n_jobs=-1, use_gpu=False, custom_pipeline=None, html=True, session_id=None, log_experiment=False, experiment_name=None, log_plots=False, log_profile=False, log_data=False, silent=False, verbose=True, profile=False, profile_kwargs=None, display=None)
2022-03-04 20:33:10,695:INFO:Checking environment
2022-03-04 20:33:10,695:INFO:python_version: 3.8.12
2022-03-04 20:33:10,695:INFO:python_build: ('default', 'Oct 12 2021 03:01:40')
2022-03-04 20:33:10,695:INFO:machine: AMD64
2022-03-04 20:33:10,695:INFO:platform: Windows-10-10.0.22000-SP0
2022-03-04 20:33:10,697:WARNING:cannot find psutil installation. memory not traceable. Install psutil using pip to enable memory logging.
2022-03-04 20:33:10,697:INFO:Checking libraries
2022-03-04 20:33:10,697:INFO:pd==1.4.1
2022-03-04 20:33:10,697:INFO:numpy==1.19.5
2022-03-04 20:33:10,697:INFO:sklearn==0.23.2
2022-03-04 20:33:10,697:INFO:lightgbm==3.3.2
2022-03-04 20:33:10,698:WARNING:catboost not found
2022-03-04 20:33:10,699:WARNING:xgboost not found
2022-03-04 20:33:11,761:INFO:mlflow==1.24.0
2022-03-04 20:33:11,762:INFO:Checking Exceptions
2022-03-04 20:33:11,762:INFO:Declaring global variables
2022-03-04 20:33:11,762:INFO:USI: b419
2022-03-04 20:33:11,762:INFO:pycaret_globals: {'pycaret_globals', 'exp_name_log', 'display_container', 'fold_param', 'prep_pipe', 'transform_target_param', '_ml_usecase', 'USI', 'seed', 'fold_groups_param_full', 'html_param', 'log_plots_param', 'gpu_param', '_all_metrics', '_internal_pipeline', 'imputation_regressor', 'fix_imbalance_param', 'n_jobs_param', 'stratify_param', 'imputation_classifier', 'iterative_imputation_iters_param', 'X', 'create_model_container', 'fold_shuffle_param', 'experiment__', 'X_train', 'master_model_container', '_available_plots', 'target_param', '_gpu_n_jobs_param', 'data_before_preprocess', 'y_train', 'transform_target_method_param', 'X_test', '_all_models', 'logging_param', '_all_models_internal', 'fix_imbalance_method_param', 'y_test', 'fold_generator', 'y', 'fold_groups_param'}
2022-03-04 20:33:11,762:INFO:Preparing display monitor
2022-03-04 20:33:11,762:INFO:Preparing display monitor
2022-03-04 20:33:11,779:INFO:Importing libraries
2022-03-04 20:33:11,779:INFO:Copying data for preprocessing
2022-03-04 20:33:11,795:INFO:Declaring preprocessing parameters
2022-03-04 20:33:11,806:INFO:Creating preprocessing pipeline
2022-03-04 20:33:11,873:INFO:Preprocessing pipeline created successfully
2022-03-04 20:33:11,873:ERROR:(Process Exit): setup has been interupted with user command 'quit'. setup must rerun.
2022-03-04 20:33:11,873:INFO:Creating global containers
2022-03-04 20:33:11,877:INFO:Internal pipeline: Pipeline(memory=None, steps=[('empty_step', 'passthrough')], verbose=False)
2022-03-04 20:33:25,394:WARNING:Couldn't import xgboost.XGBClassifier
2022-03-04 20:33:25,394:WARNING:Couldn't import catboost.CatBoostClassifier
2022-03-04 20:33:25,462:WARNING:Couldn't import xgboost.XGBClassifier
2022-03-04 20:33:25,463:WARNING:Couldn't import catboost.CatBoostClassifier
2022-03-04 20:33:25,464:INFO:Creating grid variables
2022-03-04 20:33:25,479:INFO:create_model_container: 0
2022-03-04 20:33:25,479:INFO:master_model_container: 0
2022-03-04 20:33:25,479:INFO:display_container: 1
2022-03-04 20:33:25,482:INFO:Pipeline(memory=None,
         steps=[('dtypes',
                 DataTypes_Auto_infer(categorical_features=[],
                                      display_types=True, features_todrop=[],
                                      id_columns=[],
                                      ml_usecase='classification',
                                      numerical_features=[], target='price',
                                      time_features=[])),
                ('imputer',
                 Simple_Imputer(categorical_strategy='not_available',
                                fill_value_categorical=None,
                                fill_value_numerical=None,
                                numeric_strate...
                ('scaling', 'passthrough'), ('P_transform', 'passthrough'),
                ('binn', 'passthrough'), ('rem_outliers', 'passthrough'),
                ('cluster_all', 'passthrough'),
                ('dummy', Dummify(target='price')),
                ('fix_perfect', Remove_100(target='price')),
                ('clean_names', Clean_Colum_Names()),
                ('feature_select', 'passthrough'), ('fix_multi', 'passthrough'),
                ('dfs', 'passthrough'), ('pca', 'passthrough')],
         verbose=False)
2022-03-04 20:33:25,483:INFO:setup() succesfully completed......................................
2022-03-04 20:33:25,798:INFO:Initializing compare_models()
2022-03-04 20:33:25,799:INFO:compare_models(include=None, fold=None, round=4, cross_validation=True, sort=Accuracy, n_select=1, budget_time=None, turbo=True, errors=ignore, fit_kwargs=None, groups=None, probability_threshold=None, verbose=True, display=None, exclude=None)
2022-03-04 20:33:25,799:INFO:Checking exceptions
2022-03-04 20:33:25,806:INFO:Preparing display monitor
2022-03-04 20:33:25,806:INFO:Preparing display monitor
2022-03-04 20:33:25,847:INFO:Initializing Logistic Regression
2022-03-04 20:33:25,847:INFO:Total runtime is 0.0 minutes
2022-03-04 20:33:25,862:INFO:SubProcess create_model() called ==================================
2022-03-04 20:33:25,863:INFO:Initializing create_model()
2022-03-04 20:33:25,863:INFO:create_model(estimator=lr, fold=StratifiedKFold(n_splits=10, random_state=None, shuffle=False), round=4, cross_validation=True, predict=True, fit_kwargs={}, groups=None, refit=False, verbose=False, system=False, metrics=None, add_to_model_list=True, probability_threshold=None, display=<pycaret.internal.Display.Display object at 0x000002ACF6E874F0>, kwargs={})
2022-03-04 20:33:25,863:INFO:Checking exceptions
2022-03-04 20:33:25,863:INFO:Importing libraries
2022-03-04 20:33:25,863:INFO:Copying training dataset
2022-03-04 20:33:25,865:INFO:Defining folds
2022-03-04 20:33:25,865:INFO:Declaring metric variables
2022-03-04 20:33:25,876:INFO:Importing untrained model
2022-03-04 20:33:25,884:INFO:Logistic Regression Imported succesfully
2022-03-04 20:33:25,913:INFO:Starting cross validation
2022-03-04 20:33:25,914:INFO:Cross validating with StratifiedKFold(n_splits=10, random_state=None, shuffle=False), n_jobs=-1
2022-03-05 18:47:09,421:INFO:PyCaret Supervised Module
2022-03-05 18:47:09,423:INFO:ML Usecase: classification
2022-03-05 18:47:09,423:INFO:version 2.3.6
2022-03-05 18:47:09,423:INFO:Initializing setup()
2022-03-05 18:47:09,423:INFO:setup(target=price, ml_usecase=classification, available_plots={'parameter': 'Hyperparameters', 'auc': 'AUC', 'confusion_matrix': 'Confusion Matrix', 'threshold': 'Threshold', 'pr': 'Precision Recall', 'error': 'Prediction Error', 'class_report': 'Class Report', 'rfe': 'Feature Selection', 'learning': 'Learning Curve', 'manifold': 'Manifold Learning', 'calibration': 'Calibration Curve', 'vc': 'Validation Curve', 'dimension': 'Dimensions', 'feature': 'Feature Importance', 'feature_all': 'Feature Importance (All)', 'boundary': 'Decision Boundary', 'lift': 'Lift Chart', 'gain': 'Gain Chart', 'tree': 'Decision Tree', 'ks': 'KS Statistic Plot'}, train_size=0.7, test_data=None, preprocess=True, imputation_type=simple, iterative_imputation_iters=5, categorical_features=None, categorical_imputation=constant, categorical_iterative_imputer=lightgbm, ordinal_features=None, high_cardinality_features=None, high_cardinality_method=frequency, numeric_features=None, numeric_imputation=mean, numeric_iterative_imputer=lightgbm, date_features=None, ignore_features=None, normalize=False, normalize_method=zscore, transformation=False, transformation_method=yeo-johnson, handle_unknown_categorical=True, unknown_categorical_method=least_frequent, pca=False, pca_method=linear, pca_components=None, ignore_low_variance=False, combine_rare_levels=False, rare_level_threshold=0.1, bin_numeric_features=None, remove_outliers=False, outliers_threshold=0.05, remove_multicollinearity=False, multicollinearity_threshold=0.9, remove_perfect_collinearity=True, create_clusters=False, cluster_iter=20, polynomial_features=False, polynomial_degree=2, trigonometry_features=False, polynomial_threshold=0.1, group_features=None, group_names=None, feature_selection=False, feature_selection_threshold=0.8, feature_selection_method=classic, feature_interaction=False, feature_ratio=False, interaction_threshold=0.01, fix_imbalance=False, fix_imbalance_method=None, transform_target=False, transform_target_method=box-cox, data_split_shuffle=True, data_split_stratify=False, fold_strategy=stratifiedkfold, fold=10, fold_shuffle=False, fold_groups=None, n_jobs=-1, use_gpu=False, custom_pipeline=None, html=True, session_id=None, log_experiment=False, experiment_name=None, log_plots=False, log_profile=False, log_data=False, silent=False, verbose=True, profile=False, profile_kwargs=None, display=None)
2022-03-05 18:47:09,423:INFO:Checking environment
2022-03-05 18:47:09,423:INFO:python_version: 3.8.12
2022-03-05 18:47:09,423:INFO:python_build: ('default', 'Oct 12 2021 03:01:40')
2022-03-05 18:47:09,424:INFO:machine: AMD64
2022-03-05 18:47:09,424:INFO:platform: Windows-10-10.0.22000-SP0
2022-03-05 18:47:09,424:WARNING:cannot find psutil installation. memory not traceable. Install psutil using pip to enable memory logging.
2022-03-05 18:47:09,424:INFO:Checking libraries
2022-03-05 18:47:09,424:INFO:pd==1.4.1
2022-03-05 18:47:09,424:INFO:numpy==1.19.5
2022-03-05 18:47:09,424:INFO:sklearn==0.23.2
2022-03-05 18:47:09,425:INFO:lightgbm==3.3.2
2022-03-05 18:47:09,425:WARNING:catboost not found
2022-03-05 18:47:09,426:WARNING:xgboost not found
2022-03-05 18:47:10,686:INFO:mlflow==1.24.0
2022-03-05 18:47:10,688:INFO:Checking Exceptions
2022-03-05 18:47:10,689:INFO:Declaring global variables
2022-03-05 18:47:10,689:INFO:USI: 9570
2022-03-05 18:47:10,689:INFO:pycaret_globals: {'iterative_imputation_iters_param', 'html_param', 'X_train', 'master_model_container', 'USI', 'X', 'n_jobs_param', '_all_models', 'y_train', 'pycaret_globals', '_all_models_internal', '_ml_usecase', 'transform_target_method_param', 'fold_groups_param_full', 'log_plots_param', '_available_plots', 'logging_param', 'target_param', 'imputation_regressor', 'stratify_param', 'gpu_param', 'fold_shuffle_param', 'fix_imbalance_method_param', 'y', 'X_test', 'create_model_container', 'data_before_preprocess', 'fold_generator', 'fix_imbalance_param', 'fold_param', 'display_container', 'fold_groups_param', 'seed', 'imputation_classifier', 'transform_target_param', 'exp_name_log', 'prep_pipe', 'y_test', '_gpu_n_jobs_param', 'experiment__', '_internal_pipeline', '_all_metrics'}
2022-03-05 18:47:10,689:INFO:Preparing display monitor
2022-03-05 18:47:10,689:INFO:Preparing display monitor
2022-03-05 18:47:10,700:INFO:Importing libraries
2022-03-05 18:47:10,700:INFO:Copying data for preprocessing
2022-03-05 18:47:10,715:INFO:Declaring preprocessing parameters
2022-03-05 18:47:10,718:INFO:Creating preprocessing pipeline
2022-03-05 18:47:10,789:INFO:Preprocessing pipeline created successfully
2022-03-05 18:47:10,789:ERROR:(Process Exit): setup has been interupted with user command 'quit'. setup must rerun.
2022-03-05 18:47:10,789:INFO:Creating global containers
2022-03-05 18:47:10,798:INFO:Internal pipeline: Pipeline(memory=None, steps=[('empty_step', 'passthrough')], verbose=False)
2022-03-05 18:47:19,766:WARNING:Couldn't import xgboost.XGBClassifier
2022-03-05 18:47:19,767:WARNING:Couldn't import catboost.CatBoostClassifier
2022-03-05 18:47:19,833:WARNING:Couldn't import xgboost.XGBClassifier
2022-03-05 18:47:19,834:WARNING:Couldn't import catboost.CatBoostClassifier
2022-03-05 18:47:19,834:INFO:Creating grid variables
2022-03-05 18:47:19,841:INFO:create_model_container: 0
2022-03-05 18:47:19,847:INFO:master_model_container: 0
2022-03-05 18:47:19,848:INFO:display_container: 1
2022-03-05 18:47:19,852:INFO:Pipeline(memory=None,
         steps=[('dtypes',
                 DataTypes_Auto_infer(categorical_features=[],
                                      display_types=True, features_todrop=[],
                                      id_columns=[],
                                      ml_usecase='classification',
                                      numerical_features=[], target='price',
                                      time_features=[])),
                ('imputer',
                 Simple_Imputer(categorical_strategy='not_available',
                                fill_value_categorical=None,
                                fill_value_numerical=None,
                                numeric_strate...
                ('scaling', 'passthrough'), ('P_transform', 'passthrough'),
                ('binn', 'passthrough'), ('rem_outliers', 'passthrough'),
                ('cluster_all', 'passthrough'),
                ('dummy', Dummify(target='price')),
                ('fix_perfect', Remove_100(target='price')),
                ('clean_names', Clean_Colum_Names()),
                ('feature_select', 'passthrough'), ('fix_multi', 'passthrough'),
                ('dfs', 'passthrough'), ('pca', 'passthrough')],
         verbose=False)
2022-03-05 18:47:19,853:INFO:setup() succesfully completed......................................
2022-03-05 18:47:20,047:INFO:Initializing compare_models()
2022-03-05 18:47:20,048:INFO:compare_models(include=None, fold=None, round=4, cross_validation=True, sort=Accuracy, n_select=1, budget_time=None, turbo=True, errors=ignore, fit_kwargs=None, groups=None, probability_threshold=None, verbose=True, display=None, exclude=None)
2022-03-05 18:47:20,048:INFO:Checking exceptions
2022-03-05 18:47:20,050:INFO:Preparing display monitor
2022-03-05 18:47:20,050:INFO:Preparing display monitor
2022-03-05 18:47:20,092:INFO:Initializing Logistic Regression
2022-03-05 18:47:20,093:INFO:Total runtime is 1.660585403442383e-05 minutes
2022-03-05 18:47:20,108:INFO:SubProcess create_model() called ==================================
2022-03-05 18:47:20,109:INFO:Initializing create_model()
2022-03-05 18:47:20,109:INFO:create_model(estimator=lr, fold=StratifiedKFold(n_splits=10, random_state=None, shuffle=False), round=4, cross_validation=True, predict=True, fit_kwargs={}, groups=None, refit=False, verbose=False, system=False, metrics=None, add_to_model_list=True, probability_threshold=None, display=<pycaret.internal.Display.Display object at 0x0000025976132C40>, kwargs={})
2022-03-05 18:47:20,109:INFO:Checking exceptions
2022-03-05 18:47:20,109:INFO:Importing libraries
2022-03-05 18:47:20,109:INFO:Copying training dataset
2022-03-05 18:47:20,113:INFO:Defining folds
2022-03-05 18:47:20,114:INFO:Declaring metric variables
2022-03-05 18:47:20,122:INFO:Importing untrained model
2022-03-05 18:47:20,132:INFO:Logistic Regression Imported succesfully
2022-03-05 18:47:20,154:INFO:Starting cross validation
2022-03-05 18:47:20,154:INFO:Cross validating with StratifiedKFold(n_splits=10, random_state=None, shuffle=False), n_jobs=-1
